-------------------------------------------------------------------------------
Test set: edu.pdx.cs410J.jsl.Project1IT
-------------------------------------------------------------------------------
Tests run: 3, Failures: 1, Errors: 0, Skipped: 0, Time elapsed: 0.12 sec <<< FAILURE! - in edu.pdx.cs410J.jsl.Project1IT
printOptionShouldPrintAppointmentDescription(edu.pdx.cs410J.jsl.Project1IT)  Time elapsed: 0.018 sec  <<< FAILURE!
java.lang.AssertionError: 

Expected: is "description from 00/00/0000 00:00 until 11/11/1111 11:11\n"
     but: was ""
	at edu.pdx.cs410J.jsl.Project1IT.printOptionShouldPrintAppointmentDescription(Project1IT.java:57)

