<?xml version="1.0" encoding="UTF-8"?>
<testsuite xmlns:xsi="http://www.w3.org/2001/XMLSchema-instance" xsi:schemaLocation="https://maven.apache.org/surefire/maven-surefire-plugin/xsd/surefire-test-report.xsd" name="edu.pdx.cs410J.jsl.Project3IT" time="0.256" tests="37" errors="37" skipped="0" failures="0">
  <properties>
[...]
</properties>
  <testcase name="shouldWorkWith2DigitMonthFormat" classname="edu.pdx.cs410J.jsl.Project3IT" time="0.111">
    <error message="Class edu.pdx.cs410J.jsl.Project3 does not have a main method" type="java.lang.IllegalArgumentException">java.lang.IllegalArgumentException: Class edu.pdx.cs410J.jsl.Project3 does not have a main method
	at edu.pdx.cs410J.jsl.Project3IT.invokeMain(Project3IT.java:67)
	at edu.pdx.cs410J.jsl.Project3IT.shouldWorkWith2DigitMonthFormat(Project3IT.java:165)
</error>
  </testcase>
  <testcase name="shouldFailWith2DigitYearFormat" classname="edu.pdx.cs410J.jsl.Project3IT" time="0.003">
    <error message="Class edu.pdx.cs410J.jsl.Project3 does not have a main method" type="java.lang.IllegalArgumentException">java.lang.IllegalArgumentException: Class edu.pdx.cs410J.jsl.Project3 does not have a main method
	at edu.pdx.cs410J.jsl.Project3IT.invokeMain(Project3IT.java:67)
	at edu.pdx.cs410J.jsl.Project3IT.shouldFailWith2DigitYearFormat(Project3IT.java:118)
</error>
  </testcase>
  <testcase name="printOptionCouldBeInTheMiddle" classname="edu.pdx.cs410J.jsl.Project3IT" time="0.003">
    <error message="Class edu.pdx.cs410J.jsl.Project3 does not have a main method" type="java.lang.IllegalArgumentException">java.lang.IllegalArgumentException: Class edu.pdx.cs410J.jsl.Project3 does not have a main method
	at edu.pdx.cs410J.jsl.Project3IT.invokeMain(Project3IT.java:67)
	at edu.pdx.cs410J.jsl.Project3IT.printOptionCouldBeInTheMiddle(Project3IT.java:260)
</error>
  </testcase>
  <testcase name="shouldNotAllowDay0" classname="edu.pdx.cs410J.jsl.Project3IT" time="0.003">
    <error message="Class edu.pdx.cs410J.jsl.Project3 does not have a main method" type="java.lang.IllegalArgumentException">java.lang.IllegalArgumentException: Class edu.pdx.cs410J.jsl.Project3 does not have a main method
	at edu.pdx.cs410J.jsl.Project3IT.invokeMain(Project3IT.java:67)
	at edu.pdx.cs410J.jsl.Project3IT.shouldNotAllowDay0(Project3IT.java:232)
</error>
  </testcase>
  <testcase name="shouldNotAllowDayOver31" classname="edu.pdx.cs410J.jsl.Project3IT" time="0.002">
    <error message="Class edu.pdx.cs410J.jsl.Project3 does not have a main method" type="java.lang.IllegalArgumentException">java.lang.IllegalArgumentException: Class edu.pdx.cs410J.jsl.Project3 does not have a main method
	at edu.pdx.cs410J.jsl.Project3IT.invokeMain(Project3IT.java:67)
	at edu.pdx.cs410J.jsl.Project3IT.shouldNotAllowDayOver31(Project3IT.java:210)
</error>
  </testcase>
  <testcase name="shouldFailWhenOwnerNamesAreDifferent" classname="edu.pdx.cs410J.jsl.Project3IT" time="0.035">
    <error message="Class edu.pdx.cs410J.jsl.Project3 does not have a main method" type="java.lang.IllegalArgumentException">java.lang.IllegalArgumentException: Class edu.pdx.cs410J.jsl.Project3 does not have a main method
	at edu.pdx.cs410J.jsl.Project3IT.invokeMain(Project3IT.java:67)
	at edu.pdx.cs410J.jsl.Project3IT.shouldFailWhenOwnerNamesAreDifferent(Project3IT.java:601)
</error>
  </testcase>
  <testcase name="shouldPrettyPrintToStandardOutputStream" classname="edu.pdx.cs410J.jsl.Project3IT" time="0.001">
    <error message="Class edu.pdx.cs410J.jsl.Project3 does not have a main method" type="java.lang.IllegalArgumentException">java.lang.IllegalArgumentException: Class edu.pdx.cs410J.jsl.Project3 does not have a main method
	at edu.pdx.cs410J.jsl.Project3IT.invokeMain(Project3IT.java:67)
	at edu.pdx.cs410J.jsl.Project3IT.shouldPrettyPrintToStandardOutputStream(Project3IT.java:424)
</error>
  </testcase>
  <testcase name="shouldNotAllowMonthOver12" classname="edu.pdx.cs410J.jsl.Project3IT" time="0.001">
    <error message="Class edu.pdx.cs410J.jsl.Project3 does not have a main method" type="java.lang.IllegalArgumentException">java.lang.IllegalArgumentException: Class edu.pdx.cs410J.jsl.Project3 does not have a main method
	at edu.pdx.cs410J.jsl.Project3IT.invokeMain(Project3IT.java:67)
	at edu.pdx.cs410J.jsl.Project3IT.shouldNotAllowMonthOver12(Project3IT.java:199)
</error>
  </testcase>
  <testcase name="shouldFailWithIncorrectBeginDate" classname="edu.pdx.cs410J.jsl.Project3IT" time="0.001">
    <error message="Class edu.pdx.cs410J.jsl.Project3 does not have a main method" type="java.lang.IllegalArgumentException">java.lang.IllegalArgumentException: Class edu.pdx.cs410J.jsl.Project3 does not have a main method
	at edu.pdx.cs410J.jsl.Project3IT.invokeMain(Project3IT.java:67)
	at edu.pdx.cs410J.jsl.Project3IT.shouldFailWithIncorrectBeginDate(Project3IT.java:96)
</error>
  </testcase>
  <testcase name="testNoCommandLineArguments" classname="edu.pdx.cs410J.jsl.Project3IT" time="0.005">
    <error message="Class edu.pdx.cs410J.jsl.Project3 does not have a main method" type="java.lang.IllegalArgumentException">java.lang.IllegalArgumentException: Class edu.pdx.cs410J.jsl.Project3 does not have a main method
	at edu.pdx.cs410J.jsl.Project3IT.invokeMain(Project3IT.java:67)
	at edu.pdx.cs410J.jsl.Project3IT.testNoCommandLineArguments(Project3IT.java:75)
</error>
  </testcase>
  <testcase name="printOptionCouldBeAtFront" classname="edu.pdx.cs410J.jsl.Project3IT" time="0.003">
    <error message="Class edu.pdx.cs410J.jsl.Project3 does not have a main method" type="java.lang.IllegalArgumentException">java.lang.IllegalArgumentException: Class edu.pdx.cs410J.jsl.Project3 does not have a main method
	at edu.pdx.cs410J.jsl.Project3IT.invokeMain(Project3IT.java:67)
	at edu.pdx.cs410J.jsl.Project3IT.printOptionCouldBeAtFront(Project3IT.java:251)
</error>
  </testcase>
  <testcase name="shouldFailWithIncorrectEndDate" classname="edu.pdx.cs410J.jsl.Project3IT" time="0.001">
    <error message="Class edu.pdx.cs410J.jsl.Project3 does not have a main method" type="java.lang.IllegalArgumentException">java.lang.IllegalArgumentException: Class edu.pdx.cs410J.jsl.Project3 does not have a main method
	at edu.pdx.cs410J.jsl.Project3IT.invokeMain(Project3IT.java:67)
	at edu.pdx.cs410J.jsl.Project3IT.shouldFailWithIncorrectEndDate(Project3IT.java:107)
</error>
  </testcase>
  <testcase name="shouldFailWithoutFilename" classname="edu.pdx.cs410J.jsl.Project3IT" time="0.009">
    <error message="Class edu.pdx.cs410J.jsl.Project3 does not have a main method" type="java.lang.IllegalArgumentException">java.lang.IllegalArgumentException: Class edu.pdx.cs410J.jsl.Project3 does not have a main method
	at edu.pdx.cs410J.jsl.Project3IT.invokeMain(Project3IT.java:67)
	at edu.pdx.cs410J.jsl.Project3IT.shouldFailWithoutFilename(Project3IT.java:549)
</error>
  </testcase>
  <testcase name="printReadMeShouldWorkEvenWithOtherArguments" classname="edu.pdx.cs410J.jsl.Project3IT" time="0.001">
    <error message="Class edu.pdx.cs410J.jsl.Project3 does not have a main method" type="java.lang.IllegalArgumentException">java.lang.IllegalArgumentException: Class edu.pdx.cs410J.jsl.Project3 does not have a main method
	at edu.pdx.cs410J.jsl.Project3IT.invokeMain(Project3IT.java:67)
	at edu.pdx.cs410J.jsl.Project3IT.printReadMeShouldWorkEvenWithOtherArguments(Project3IT.java:289)
</error>
  </testcase>
  <testcase name="twoDateStringShouldWork" classname="edu.pdx.cs410J.jsl.Project3IT" time="0">
    <error message="Class edu.pdx.cs410J.jsl.Project3 does not have a main method" type="java.lang.IllegalArgumentException">java.lang.IllegalArgumentException: Class edu.pdx.cs410J.jsl.Project3 does not have a main method
	at edu.pdx.cs410J.jsl.Project3IT.invokeMain(Project3IT.java:67)
	at edu.pdx.cs410J.jsl.Project3IT.twoDateStringShouldWork(Project3IT.java:333)
</error>
  </testcase>
  <testcase name="wrongOptionShouldFail" classname="edu.pdx.cs410J.jsl.Project3IT" time="0.003">
    <error message="Class edu.pdx.cs410J.jsl.Project3 does not have a main method" type="java.lang.IllegalArgumentException">java.lang.IllegalArgumentException: Class edu.pdx.cs410J.jsl.Project3 does not have a main method
	at edu.pdx.cs410J.jsl.Project3IT.invokeMain(Project3IT.java:67)
	at edu.pdx.cs410J.jsl.Project3IT.wrongOptionShouldFail(Project3IT.java:299)
</error>
  </testcase>
  <testcase name="twoDateStringMissingEndDate" classname="edu.pdx.cs410J.jsl.Project3IT" time="0.001">
    <error message="Class edu.pdx.cs410J.jsl.Project3 does not have a main method" type="java.lang.IllegalArgumentException">java.lang.IllegalArgumentException: Class edu.pdx.cs410J.jsl.Project3 does not have a main method
	at edu.pdx.cs410J.jsl.Project3IT.invokeMain(Project3IT.java:67)
	at edu.pdx.cs410J.jsl.Project3IT.twoDateStringMissingEndDate(Project3IT.java:351)
</error>
  </testcase>
  <testcase name="wrongFileOptionShouldGenerateEmptyAppointmentBook" classname="edu.pdx.cs410J.jsl.Project3IT" time="0.004">
    <error message="Class edu.pdx.cs410J.jsl.Project3 does not have a main method" type="java.lang.IllegalArgumentException">java.lang.IllegalArgumentException: Class edu.pdx.cs410J.jsl.Project3 does not have a main method
	at edu.pdx.cs410J.jsl.Project3IT.invokeMain(Project3IT.java:67)
	at edu.pdx.cs410J.jsl.Project3IT.wrongFileOptionShouldGenerateEmptyAppointmentBook(Project3IT.java:313)
</error>
  </testcase>
  <testcase name="shouldPrettyPrintToStandardOutputStreamWithPrint" classname="edu.pdx.cs410J.jsl.Project3IT" time="0.003">
    <error message="Class edu.pdx.cs410J.jsl.Project3 does not have a main method" type="java.lang.IllegalArgumentException">java.lang.IllegalArgumentException: Class edu.pdx.cs410J.jsl.Project3 does not have a main method
	at edu.pdx.cs410J.jsl.Project3IT.invokeMain(Project3IT.java:67)
	at edu.pdx.cs410J.jsl.Project3IT.shouldPrettyPrintToStandardOutputStreamWithPrint(Project3IT.java:439)
</error>
  </testcase>
  <testcase name="shouldReadAndWriteToFileIfFileIsCorrect" classname="edu.pdx.cs410J.jsl.Project3IT" time="0.008">
    <error message="Class edu.pdx.cs410J.jsl.Project3 does not have a main method" type="java.lang.IllegalArgumentException">java.lang.IllegalArgumentException: Class edu.pdx.cs410J.jsl.Project3 does not have a main method
	at edu.pdx.cs410J.jsl.Project3IT.invokeMain(Project3IT.java:67)
	at edu.pdx.cs410J.jsl.Project3IT.shouldReadAndWriteToFileIfFileIsCorrect(Project3IT.java:382)
</error>
  </testcase>
  <testcase name="shouldNotWorkWith24HourFormat" classname="edu.pdx.cs410J.jsl.Project3IT" time="0.001">
    <error message="Class edu.pdx.cs410J.jsl.Project3 does not have a main method" type="java.lang.IllegalArgumentException">java.lang.IllegalArgumentException: Class edu.pdx.cs410J.jsl.Project3 does not have a main method
	at edu.pdx.cs410J.jsl.Project3IT.invokeMain(Project3IT.java:67)
	at edu.pdx.cs410J.jsl.Project3IT.shouldNotWorkWith24HourFormat(Project3IT.java:129)
</error>
  </testcase>
  <testcase name="shouldNotAllowMinuteOver59" classname="edu.pdx.cs410J.jsl.Project3IT" time="0.001">
    <error message="Class edu.pdx.cs410J.jsl.Project3 does not have a main method" type="java.lang.IllegalArgumentException">java.lang.IllegalArgumentException: Class edu.pdx.cs410J.jsl.Project3 does not have a main method
	at edu.pdx.cs410J.jsl.Project3IT.invokeMain(Project3IT.java:67)
	at edu.pdx.cs410J.jsl.Project3IT.shouldNotAllowMinuteOver59(Project3IT.java:188)
</error>
  </testcase>
  <testcase name="shouldWorkWith1DigitMonthFormat" classname="edu.pdx.cs410J.jsl.Project3IT" time="0.003">
    <error message="Class edu.pdx.cs410J.jsl.Project3 does not have a main method" type="java.lang.IllegalArgumentException">java.lang.IllegalArgumentException: Class edu.pdx.cs410J.jsl.Project3 does not have a main method
	at edu.pdx.cs410J.jsl.Project3IT.invokeMain(Project3IT.java:67)
	at edu.pdx.cs410J.jsl.Project3IT.shouldWorkWith1DigitMonthFormat(Project3IT.java:153)
</error>
  </testcase>
  <testcase name="printOptionShouldPrintAppointmentDescription" classname="edu.pdx.cs410J.jsl.Project3IT" time="0.001">
    <error message="Class edu.pdx.cs410J.jsl.Project3 does not have a main method" type="java.lang.IllegalArgumentException">java.lang.IllegalArgumentException: Class edu.pdx.cs410J.jsl.Project3 does not have a main method
	at edu.pdx.cs410J.jsl.Project3IT.invokeMain(Project3IT.java:67)
	at edu.pdx.cs410J.jsl.Project3IT.printOptionShouldPrintAppointmentDescription(Project3IT.java:242)
</error>
  </testcase>
  <testcase name="shouldPrettyPrintToFileWithTextFileAndPrint" classname="edu.pdx.cs410J.jsl.Project3IT" time="0.004">
    <error message="Class edu.pdx.cs410J.jsl.Project3 does not have a main method" type="java.lang.IllegalArgumentException">java.lang.IllegalArgumentException: Class edu.pdx.cs410J.jsl.Project3 does not have a main method
	at edu.pdx.cs410J.jsl.Project3IT.invokeMain(Project3IT.java:67)
	at edu.pdx.cs410J.jsl.Project3IT.shouldPrettyPrintToFileWithTextFileAndPrint(Project3IT.java:515)
</error>
  </testcase>
  <testcase name="shouldFailWithFileOptionInTheMiddleAndNoFilenameGivenTwoWordDateFormat" classname="edu.pdx.cs410J.jsl.Project3IT" time="0.001">
    <error message="Class edu.pdx.cs410J.jsl.Project3 does not have a main method" type="java.lang.IllegalArgumentException">java.lang.IllegalArgumentException: Class edu.pdx.cs410J.jsl.Project3 does not have a main method
	at edu.pdx.cs410J.jsl.Project3IT.invokeMain(Project3IT.java:67)
	at edu.pdx.cs410J.jsl.Project3IT.shouldFailWithFileOptionInTheMiddleAndNoFilenameGivenTwoWordDateFormat(Project3IT.java:571)
</error>
  </testcase>
  <testcase name="shouldNotAllowMonth0" classname="edu.pdx.cs410J.jsl.Project3IT" time="0">
    <error message="Class edu.pdx.cs410J.jsl.Project3 does not have a main method" type="java.lang.IllegalArgumentException">java.lang.IllegalArgumentException: Class edu.pdx.cs410J.jsl.Project3 does not have a main method
	at edu.pdx.cs410J.jsl.Project3IT.invokeMain(Project3IT.java:67)
	at edu.pdx.cs410J.jsl.Project3IT.shouldNotAllowMonth0(Project3IT.java:221)
</error>
  </testcase>
  <testcase name="shouldPrettyPrintToFileWithTextFile" classname="edu.pdx.cs410J.jsl.Project3IT" time="0.001">
    <error message="Class edu.pdx.cs410J.jsl.Project3 does not have a main method" type="java.lang.IllegalArgumentException">java.lang.IllegalArgumentException: Class edu.pdx.cs410J.jsl.Project3 does not have a main method
	at edu.pdx.cs410J.jsl.Project3IT.invokeMain(Project3IT.java:67)
	at edu.pdx.cs410J.jsl.Project3IT.shouldPrettyPrintToFileWithTextFile(Project3IT.java:499)
</error>
  </testcase>
  <testcase name="printReadMeWhenReadMeOptionSpecified" classname="edu.pdx.cs410J.jsl.Project3IT" time="0">
    <error message="Class edu.pdx.cs410J.jsl.Project3 does not have a main method" type="java.lang.IllegalArgumentException">java.lang.IllegalArgumentException: Class edu.pdx.cs410J.jsl.Project3 does not have a main method
	at edu.pdx.cs410J.jsl.Project3IT.invokeMain(Project3IT.java:67)
	at edu.pdx.cs410J.jsl.Project3IT.printReadMeWhenReadMeOptionSpecified(Project3IT.java:279)
</error>
  </testcase>
  <testcase name="shouldPrettyPrintToFile" classname="edu.pdx.cs410J.jsl.Project3IT" time="0.004">
    <error message="Class edu.pdx.cs410J.jsl.Project3 does not have a main method" type="java.lang.IllegalArgumentException">java.lang.IllegalArgumentException: Class edu.pdx.cs410J.jsl.Project3 does not have a main method
	at edu.pdx.cs410J.jsl.Project3IT.invokeMain(Project3IT.java:67)
	at edu.pdx.cs410J.jsl.Project3IT.shouldPrettyPrintToFile(Project3IT.java:413)
</error>
  </testcase>
  <testcase name="shouldWorkWith12HourFormat" classname="edu.pdx.cs410J.jsl.Project3IT" time="0.002">
    <error message="Class edu.pdx.cs410J.jsl.Project3 does not have a main method" type="java.lang.IllegalArgumentException">java.lang.IllegalArgumentException: Class edu.pdx.cs410J.jsl.Project3 does not have a main method
	at edu.pdx.cs410J.jsl.Project3IT.invokeMain(Project3IT.java:67)
	at edu.pdx.cs410J.jsl.Project3IT.shouldWorkWith12HourFormat(Project3IT.java:141)
</error>
  </testcase>
  <testcase name="shouldPrettyPrintToFileWithPrint" classname="edu.pdx.cs410J.jsl.Project3IT" time="0.002">
    <error message="Class edu.pdx.cs410J.jsl.Project3 does not have a main method" type="java.lang.IllegalArgumentException">java.lang.IllegalArgumentException: Class edu.pdx.cs410J.jsl.Project3 does not have a main method
	at edu.pdx.cs410J.jsl.Project3IT.invokeMain(Project3IT.java:67)
	at edu.pdx.cs410J.jsl.Project3IT.shouldPrettyPrintToFileWithPrint(Project3IT.java:480)
</error>
  </testcase>
  <testcase name="shouldPrettyPrintToStandardOutputStreamWithTextFileAndPrint" classname="edu.pdx.cs410J.jsl.Project3IT" time="0.001">
    <error message="Class edu.pdx.cs410J.jsl.Project3 does not have a main method" type="java.lang.IllegalArgumentException">java.lang.IllegalArgumentException: Class edu.pdx.cs410J.jsl.Project3 does not have a main method
	at edu.pdx.cs410J.jsl.Project3IT.invokeMain(Project3IT.java:67)
	at edu.pdx.cs410J.jsl.Project3IT.shouldPrettyPrintToStandardOutputStreamWithTextFileAndPrint(Project3IT.java:460)
</error>
  </testcase>
  <testcase name="appointmentDescriptionShouldNotPrintWithoutPrintOption" classname="edu.pdx.cs410J.jsl.Project3IT" time="0.002">
    <error message="Class edu.pdx.cs410J.jsl.Project3 does not have a main method" type="java.lang.IllegalArgumentException">java.lang.IllegalArgumentException: Class edu.pdx.cs410J.jsl.Project3 does not have a main method
	at edu.pdx.cs410J.jsl.Project3IT.invokeMain(Project3IT.java:67)
	at edu.pdx.cs410J.jsl.Project3IT.appointmentDescriptionShouldNotPrintWithoutPrintOption(Project3IT.java:269)
</error>
  </testcase>
  <testcase name="shouldFailWithFileOptionInTheMiddleAndNoFilenameGiven" classname="edu.pdx.cs410J.jsl.Project3IT" time="0.002">
    <error message="Class edu.pdx.cs410J.jsl.Project3 does not have a main method" type="java.lang.IllegalArgumentException">java.lang.IllegalArgumentException: Class edu.pdx.cs410J.jsl.Project3 does not have a main method
	at edu.pdx.cs410J.jsl.Project3IT.invokeMain(Project3IT.java:67)
	at edu.pdx.cs410J.jsl.Project3IT.shouldFailWithFileOptionInTheMiddleAndNoFilenameGiven(Project3IT.java:559)
</error>
  </testcase>
  <testcase name="shouldNotAllowHourOver23" classname="edu.pdx.cs410J.jsl.Project3IT" time="0">
    <error message="Class edu.pdx.cs410J.jsl.Project3 does not have a main method" type="java.lang.IllegalArgumentException">java.lang.IllegalArgumentException: Class edu.pdx.cs410J.jsl.Project3 does not have a main method
	at edu.pdx.cs410J.jsl.Project3IT.invokeMain(Project3IT.java:67)
	at edu.pdx.cs410J.jsl.Project3IT.shouldNotAllowHourOver23(Project3IT.java:177)
</error>
  </testcase>
  <testcase name="testTooManyCommandLineArguments" classname="edu.pdx.cs410J.jsl.Project3IT" time="0.003">
    <error message="Class edu.pdx.cs410J.jsl.Project3 does not have a main method" type="java.lang.IllegalArgumentException">java.lang.IllegalArgumentException: Class edu.pdx.cs410J.jsl.Project3 does not have a main method
	at edu.pdx.cs410J.jsl.Project3IT.invokeMain(Project3IT.java:67)
	at edu.pdx.cs410J.jsl.Project3IT.testTooManyCommandLineArguments(Project3IT.java:85)
</error>
  </testcase>
</testsuite>